<?xml version="1.0" encoding="utf-8"?>
<TestRun id="a1b2c3d4-0000-4000-8000-000000000001" name="forge_Api.Tests@net9.0" xmlns="http://microsoft.com/schemas/VisualStudio/TeamTest/2010">
  <Times creation="2026-09-23T10:00:00.0000000Z" queuing="2026-09-23T10:00:00.0000000Z" start="2026-09-23T10:00:01.0000000Z" finish="2026-09-23T10:00:09.0000000Z" />
  <ResultSummary outcome="Completed">
    <Counters total="12" executed="12" passed="12" failed="0" error="0" timeout="0" aborted="0" inconclusive="0" passedRunLevel="0" failedRunLevel="0" />
    <RunInfos />
  </ResultSummary>
</TestRun>
