<?xml version="1.0" encoding="utf-8"?>
<TestRun id="a1b2c3d4-0000-4000-8000-000000000002" name="forge_Domain.Tests@net8.0" xmlns="http://microsoft.com/schemas/VisualStudio/TeamTest/2010">
  <Times creation="2026-09-23T10:00:00.0000000Z" queuing="2026-09-23T10:00:00.0000000Z" start="2026-09-23T10:00:01.0000000Z" finish="2026-09-23T10:00:05.0000000Z" />
  <ResultSummary outcome="Failed">
    <Counters total="8" executed="8" passed="7" failed="1" error="0" timeout="0" aborted="0" inconclusive="0" passedRunLevel="0" failedRunLevel="0" />
    <RunInfos>
      <RunInfo computerName="forge-runner" outcome="Error" timestamp="2026-09-23T10:00:05.0000000Z" text="1 test failed: Domain.Money_Spec.rounds_halves_up" />
    </RunInfos>
  </ResultSummary>
</TestRun>
