<?xml version="1.0" encoding="utf-8"?>
<TestRun id="a1b2c3d4-1111-4000-8000-000000000001" name="forge_Api.Tests@net9.0" xmlns="http://microsoft.com/schemas/VisualStudio/TeamTest/2010">
  <Times creation="2026-09-23T10:00:00.0000000Z" queuing="2026-09-23T10:00:00.0000000Z" start="2026-09-23T10:00:01.0000000Z" finish="2026-09-23T10:00:09.0000000Z" />
  <TestSettings name="default" id="a1b2c3d4-1111-4000-8000-0000000000ff" />
  <Results>
    <UnitTestResult executionId="a1b2c3d4-1111-4000-8000-0000000000a1" testId="a1b2c3d4-1111-4000-8000-0000000000b1" testName="Checkout.Retry.Duplicates_No_Charge" computerName="qual-runner" outcome="Failed" duration="00:00:01.0000000">
      <Output><ErrorInfo><Message>Expected no duplicate charge; got 2</Message></ErrorInfo></Output>
    </UnitTestResult>
    <UnitTestResult executionId="a1b2c3d4-1111-4000-8000-0000000000a2" testId="a1b2c3d4-1111-4000-8000-0000000000b2" testName="Checkout.Retry.Preserves_Idempotency_Key" computerName="qual-runner" outcome="Failed" duration="00:00:00.5000000">
      <Output><ErrorInfo><Message>idempotency key rotated mid-retry</Message></ErrorInfo></Output>
    </UnitTestResult>
  </Results>
  <TestDefinitions>
    <UnitTest name="Checkout.Retry.Duplicates_No_Charge" id="a1b2c3d4-1111-4000-8000-0000000000b1" />
    <UnitTest name="Checkout.Retry.Preserves_Idempotency_Key" id="a1b2c3d4-1111-4000-8000-0000000000b2" />
  </TestDefinitions>
  <ResultSummary outcome="Failed">
    <Counters total="12" executed="12" passed="10" failed="2" error="0" timeout="0" aborted="0" inconclusive="0" passedRunLevel="0" failedRunLevel="0" />
    <RunInfos />
  </ResultSummary>
</TestRun>
